c:\users\johnn\desktop\adventofcodedec2023\adventofcodedec2023\x64\debug\vc143.pdb
c:\users\johnn\desktop\adventofcodedec2023\adventofcodedec2023\x64\debug\vc143.idb
c:\users\johnn\desktop\adventofcodedec2023\adventofcodedec2023\x64\debug\dayselector.obj
c:\users\johnn\desktop\adventofcodedec2023\adventofcodedec2023\x64\debug\day3.obj
c:\users\johnn\desktop\adventofcodedec2023\adventofcodedec2023\x64\debug\day2.obj
c:\users\johnn\desktop\adventofcodedec2023\adventofcodedec2023\x64\debug\day1.obj
c:\users\johnn\desktop\adventofcodedec2023\adventofcodedec2023\x64\debug\daylinker.obj
c:\users\johnn\desktop\adventofcodedec2023\x64\debug\adventofcodedec2023.exe
c:\users\johnn\desktop\adventofcodedec2023\adventofcodedec2023\x64\debug\adventofcodedec2023.ilk
c:\users\johnn\desktop\adventofcodedec2023\x64\debug\adventofcodedec2023.pdb
c:\users\johnn\desktop\adventofcodedec2023\adventofcodedec2023\x64\debug\adventof.530a59ae.tlog\cl.command.1.tlog
c:\users\johnn\desktop\adventofcodedec2023\adventofcodedec2023\x64\debug\adventof.530a59ae.tlog\cl.items.tlog
c:\users\johnn\desktop\adventofcodedec2023\adventofcodedec2023\x64\debug\adventof.530a59ae.tlog\cl.read.1.tlog
c:\users\johnn\desktop\adventofcodedec2023\adventofcodedec2023\x64\debug\adventof.530a59ae.tlog\cl.write.1.tlog
c:\users\johnn\desktop\adventofcodedec2023\adventofcodedec2023\x64\debug\adventof.530a59ae.tlog\link-cvtres.read.1.tlog
c:\users\johnn\desktop\adventofcodedec2023\adventofcodedec2023\x64\debug\adventof.530a59ae.tlog\link-cvtres.write.1.tlog
c:\users\johnn\desktop\adventofcodedec2023\adventofcodedec2023\x64\debug\adventof.530a59ae.tlog\link-rc.read.1.tlog
c:\users\johnn\desktop\adventofcodedec2023\adventofcodedec2023\x64\debug\adventof.530a59ae.tlog\link-rc.write.1.tlog
c:\users\johnn\desktop\adventofcodedec2023\adventofcodedec2023\x64\debug\adventof.530a59ae.tlog\link.command.1.tlog
c:\users\johnn\desktop\adventofcodedec2023\adventofcodedec2023\x64\debug\adventof.530a59ae.tlog\link.read.1.tlog
c:\users\johnn\desktop\adventofcodedec2023\adventofcodedec2023\x64\debug\adventof.530a59ae.tlog\link.read.2.tlog
c:\users\johnn\desktop\adventofcodedec2023\adventofcodedec2023\x64\debug\adventof.530a59ae.tlog\link.read.3.tlog
c:\users\johnn\desktop\adventofcodedec2023\adventofcodedec2023\x64\debug\adventof.530a59ae.tlog\link.read.4.tlog
c:\users\johnn\desktop\adventofcodedec2023\adventofcodedec2023\x64\debug\adventof.530a59ae.tlog\link.read.5.tlog
c:\users\johnn\desktop\adventofcodedec2023\adventofcodedec2023\x64\debug\adventof.530a59ae.tlog\link.write.1.tlog
